2020-12-25 09:51:14 INFO  Hook:106 - Navigated to https://www.amazon.in/
2020-12-25 09:51:15 INFO  Serenity:387 - STARTING STEP Given User is on home page
2020-12-25 09:51:15 INFO  SearchItemAndLanguageChangingStepDef:37 - ******************Verify home page**********************
2020-12-25 09:51:15 INFO  Utils:113 - - Waiting for presence of element Amazon text in time 30 secs
2020-12-25 09:51:15 INFO  Utils:42 - - Waiting until element Amazon text is visible in time 30 secs
2020-12-25 09:51:16 INFO  Utils:120 - - Element for Amazon text is displayed
2020-12-25 09:51:16 INFO  Asserts:42 - ---------------------Expecting value to be TRUE , Received:-true---------------------
2020-12-25 09:51:16 INFO  Serenity:398 - FINISHING STEP
2020-12-25 09:51:16 INFO  Serenity:387 - STARTING STEP When User search for an item with "Samsung"
2020-12-25 09:51:16 INFO  AddItemsAndSortItemsStepDef:41 - ********************Search for an item*********************
2020-12-25 09:51:16 INFO  HomePageActions:26 - *****************Search for an item*********************
2020-12-25 09:51:18 INFO  Utils:950 - Trying to click on Clicked on Search Box element
2020-12-25 09:51:19 INFO  Utils:952 - Clicked on Clicked on Search Box element
2020-12-25 09:51:19 INFO  Utils:113 - - Waiting for presence of element Search Box in time 30 secs
2020-12-25 09:51:19 INFO  Utils:42 - - Waiting until element Search Box is visible in time 30 secs
2020-12-25 09:51:19 INFO  Utils:120 - - Element for Search Box is displayed
2020-12-25 09:51:23 INFO  Utils:950 - Trying to click on Clicked on Search Button element
2020-12-25 09:51:27 INFO  Utils:952 - Clicked on Clicked on Search Button element
2020-12-25 09:51:27 INFO  Serenity:398 - FINISHING STEP
2020-12-25 09:51:27 INFO  Serenity:387 - STARTING STEP Then Verify the product name
2020-12-25 09:51:27 INFO  AddItemsAndSortItemsStepDef:75 - ********************Verify product name*********************
2020-12-25 09:51:28 INFO  Utils:113 - - Waiting for presence of element Selected Item Text in time 30 secs
2020-12-25 09:51:28 INFO  Utils:42 - - Waiting until element Selected Item Text is visible in time 30 secs
2020-12-25 09:51:28 INFO  Utils:120 - - Element for Selected Item Text is displayed
2020-12-25 09:51:28 INFO  AddItemsAndSortItemsStepDef:78 - Samsung Galaxy M51 (Electric Blue, 6GB RAM, 128GB Storage)
2020-12-25 09:51:30 INFO  Utils:950 - Trying to click on Clicked On Selected Item element
2020-12-25 09:51:31 INFO  Utils:952 - Clicked on Clicked On Selected Item element
2020-12-25 09:51:33 INFO  Utils:79 - Waiting for page to load
2020-12-25 09:51:41 INFO  Utils:1469 - - Navigated successfully to window CDwindow-38498A1E2DC308291B297A7B5CB20811
2020-12-25 09:51:41 INFO  Utils:113 - - Waiting for presence of element product title in time 30 secs
2020-12-25 09:51:41 INFO  Utils:42 - - Waiting until element product title is visible in time 30 secs
2020-12-25 09:51:41 INFO  Utils:120 - - Element for product title is displayed
2020-12-25 09:51:41 INFO  AddItemsAndSortItemsStepDef:83 - Samsung Galaxy M51 (Electric Blue, 6GB RAM, 128GB Storage)
2020-12-25 09:51:41 INFO  Asserts:42 - ---------------------Expecting value to be TRUE , Received:-true---------------------
2020-12-25 09:51:41 INFO  Serenity:398 - FINISHING STEP
2020-12-25 09:51:41 INFO  Serenity:387 - STARTING STEP And Options available for the product
2020-12-25 09:51:41 INFO  AddItemsAndSortItemsStepDef:92 - ***********************Verify delivery options*************************
2020-12-25 09:53:17 INFO  Serenity:406 - [91mSTEP ERROR: org.openqa.selenium.NoSuchElementException: no such element: Unable to locate element: {"method":"css selector","selector":"div[class='a-column a-span3 a-text-center icon-container ncd-icon a-declarative']"}
  (Session info: chrome=87.0.4280.88)
For documentation on this error, please visit: http://seleniumhq.org/exceptions/no_such_element.html
Build info: version: '3.5.3', revision: 'a88d25fe6b', time: '2017-08-29T12:42:44.417Z'
System info: host: 'DESKTOP-LN9R7IR', ip: '192.168.0.106', os.name: 'Windows 10', os.arch: 'amd64', os.version: '10.0', java.version: '11.0.6'
Driver info: org.openqa.selenium.chrome.ChromeDriver
Capabilities [{networkConnectionEnabled=false, chrome={chromedriverVersion=87.0.4280.88 (89e2380a3e36c3464b5dd1302349b1382549290d-refs/branch-heads/4280@{#1761}), userDataDir=C:\Users\LENOVO\AppData\Local\Temp\scoped_dir10640_144435493}, timeouts={implicit=0, pageLoad=300000, script=30000}, pageLoadStrategy=normal, unhandledPromptBehavior=dismiss and notify, strictFileInteractability=false, platform=XP, proxy=Proxy(), goog:chromeOptions={debuggerAddress=localhost:64189}, acceptInsecureCerts=false, browserVersion=87.0.4280.88, browserName=chrome, javascriptEnabled=true, platformName=XP, setWindowRect=true, webauthn:virtualAuthenticators=true}]
Session ID: 29f7116531604375dcb8835722f70557
*** Element info: {Using=css selector, value=div[class='a-column a-span3 a-text-center icon-container ncd-icon a-declarative']}
For documentation on this error, please visit: http://seleniumhq.org/exceptions/no_such_element.html
Build info: version: '3.5.3', revision: 'a88d25fe6b', time: '2017-08-29T12:42:44.417Z'
System info: host: 'DESKTOP-LN9R7IR', ip: '192.168.0.106', os.name: 'Windows 10', os.arch: 'amd64', os.version: '10.0', java.version: '11.0.6'
Driver info: driver.version: unknown[0m
2020-12-25 09:53:17 INFO  Serenity:398 - FINISHING STEP
2020-12-25 09:53:17 ERROR Serenity:313 - [91m
           __  _____ _____ ____ _____   _____ _    ___ _     _____ ____  
  _       / / |_   _| ____/ ___|_   _| |  ___/ \  |_ _| |   | ____|  _ \ 
 (_)_____| |    | | |  _| \___ \ | |   | |_ / _ \  | || |   |  _| | | | |
  _|_____| |    | | | |___ ___) || |   |  _/ ___ \ | || |___| |___| |_| |
 (_)     | |    |_| |_____|____/ |_|   |_|/_/   \_\___|_____|_____|____/ 
          \_\                                                            

TEST FAILED WITH ERROR: Add an item to wish list
---------------------------------------------------------------------[0m
2020-12-25 09:53:17 ERROR Serenity:348 - [91mTEST FAILED AT STEP And Options available for the product[0m
2020-12-25 09:53:17 ERROR Serenity:350 - no such element: Unable to locate element: {"method":"css selector","selector":"div[class='a-column a-span3 a-text-center icon-container ncd-icon a-declarative']"}
2020-12-25 09:53:19 INFO  Serenity:387 - STARTING STEP Add an item to wish list #2: {productName=OnePlus}
2020-12-25 09:53:29 INFO  Hook:106 - Navigated to https://www.amazon.in/
2020-12-25 09:53:29 INFO  Serenity:387 - STARTING STEP Given User is on home page
2020-12-25 09:53:29 INFO  SearchItemAndLanguageChangingStepDef:37 - ******************Verify home page**********************
2020-12-25 09:53:30 INFO  Utils:113 - - Waiting for presence of element Amazon text in time 30 secs
2020-12-25 09:53:30 INFO  Utils:42 - - Waiting until element Amazon text is visible in time 30 secs
2020-12-25 09:53:30 INFO  Utils:120 - - Element for Amazon text is displayed
2020-12-25 09:53:30 INFO  Asserts:42 - ---------------------Expecting value to be TRUE , Received:-true---------------------
2020-12-25 09:53:30 INFO  Serenity:398 - FINISHING STEP
2020-12-25 09:53:30 INFO  Serenity:387 - STARTING STEP When User search for an item with "OnePlus"
2020-12-25 09:53:30 INFO  AddItemsAndSortItemsStepDef:41 - ********************Search for an item*********************
2020-12-25 09:53:30 INFO  HomePageActions:26 - *****************Search for an item*********************
2020-12-25 09:53:33 INFO  Utils:950 - Trying to click on Clicked on Search Box element
2020-12-25 09:53:33 INFO  Utils:952 - Clicked on Clicked on Search Box element
2020-12-25 09:53:33 INFO  Utils:113 - - Waiting for presence of element Search Box in time 30 secs
2020-12-25 09:53:33 INFO  Utils:42 - - Waiting until element Search Box is visible in time 30 secs
2020-12-25 09:53:33 INFO  Utils:120 - - Element for Search Box is displayed
2020-12-25 09:53:37 INFO  Utils:950 - Trying to click on Clicked on Search Button element
2020-12-25 09:53:41 INFO  Utils:952 - Clicked on Clicked on Search Button element
2020-12-25 09:53:41 INFO  Serenity:398 - FINISHING STEP
2020-12-25 09:53:41 INFO  Serenity:387 - STARTING STEP Then Verify the product name
2020-12-25 09:53:41 INFO  AddItemsAndSortItemsStepDef:75 - ********************Verify product name*********************
2020-12-25 09:53:42 INFO  Utils:113 - - Waiting for presence of element Selected Item Text in time 30 secs
2020-12-25 09:53:42 INFO  Utils:42 - - Waiting until element Selected Item Text is visible in time 30 secs
2020-12-25 09:53:42 INFO  Utils:120 - - Element for Selected Item Text is displayed
2020-12-25 09:53:42 INFO  AddItemsAndSortItemsStepDef:78 - OnePlus Bullets Wireless Z in-Ear Bluetooth Earphones with Mic (Black)
2020-12-25 09:53:44 INFO  Utils:950 - Trying to click on Clicked On Selected Item element
2020-12-25 09:53:45 INFO  Utils:952 - Clicked on Clicked On Selected Item element
2020-12-25 09:53:47 INFO  Utils:79 - Waiting for page to load
2020-12-25 09:53:53 INFO  Utils:1469 - - Navigated successfully to window CDwindow-AD9E2F7D9DE49B5CDB58E8D2DD79B223
2020-12-25 09:53:53 INFO  Utils:113 - - Waiting for presence of element product title in time 30 secs
2020-12-25 09:53:53 INFO  Utils:42 - - Waiting until element product title is visible in time 30 secs
2020-12-25 09:53:53 INFO  Utils:120 - - Element for product title is displayed
2020-12-25 09:53:53 INFO  AddItemsAndSortItemsStepDef:83 - OnePlus Bullets Wireless Z in-Ear Bluetooth Earphones with Mic (Black)
2020-12-25 09:53:53 INFO  Asserts:42 - ---------------------Expecting value to be TRUE , Received:-true---------------------
2020-12-25 09:53:53 INFO  Serenity:398 - FINISHING STEP
2020-12-25 09:53:53 INFO  Serenity:387 - STARTING STEP And Options available for the product
2020-12-25 09:53:53 INFO  AddItemsAndSortItemsStepDef:92 - ***********************Verify delivery options*************************
2020-12-25 09:55:24 INFO  Serenity:406 - [91mSTEP ERROR: org.openqa.selenium.NoSuchElementException: no such element: Unable to locate element: {"method":"css selector","selector":"div[class='a-column a-span3 a-text-center icon-container ncd-icon a-declarative']"}
  (Session info: chrome=87.0.4280.88)
For documentation on this error, please visit: http://seleniumhq.org/exceptions/no_such_element.html
Build info: version: '3.5.3', revision: 'a88d25fe6b', time: '2017-08-29T12:42:44.417Z'
System info: host: 'DESKTOP-LN9R7IR', ip: '192.168.0.106', os.name: 'Windows 10', os.arch: 'amd64', os.version: '10.0', java.version: '11.0.6'
Driver info: org.openqa.selenium.chrome.ChromeDriver
Capabilities [{networkConnectionEnabled=false, chrome={chromedriverVersion=87.0.4280.88 (89e2380a3e36c3464b5dd1302349b1382549290d-refs/branch-heads/4280@{#1761}), userDataDir=C:\Users\LENOVO\AppData\Local\Temp\scoped_dir13964_1584609083}, timeouts={implicit=0, pageLoad=300000, script=30000}, pageLoadStrategy=normal, unhandledPromptBehavior=dismiss and notify, strictFileInteractability=false, platform=XP, proxy=Proxy(), goog:chromeOptions={debuggerAddress=localhost:64296}, acceptInsecureCerts=false, browserVersion=87.0.4280.88, browserName=chrome, javascriptEnabled=true, platformName=XP, setWindowRect=true, webauthn:virtualAuthenticators=true}]
Session ID: c3eac7261f7ab1c5e5799b18897008d9
*** Element info: {Using=css selector, value=div[class='a-column a-span3 a-text-center icon-container ncd-icon a-declarative']}
For documentation on this error, please visit: http://seleniumhq.org/exceptions/no_such_element.html
Build info: version: '3.5.3', revision: 'a88d25fe6b', time: '2017-08-29T12:42:44.417Z'
System info: host: 'DESKTOP-LN9R7IR', ip: '192.168.0.106', os.name: 'Windows 10', os.arch: 'amd64', os.version: '10.0', java.version: '11.0.6'
Driver info: driver.version: unknown[0m
2020-12-25 09:55:24 INFO  Serenity:398 - FINISHING STEP
2020-12-25 09:55:24 ERROR Serenity:313 - [91m
           __  _____ _____ ____ _____   _____ _    ___ _     _____ ____  
  _       / / |_   _| ____/ ___|_   _| |  ___/ \  |_ _| |   | ____|  _ \ 
 (_)_____| |    | | |  _| \___ \ | |   | |_ / _ \  | || |   |  _| | | | |
  _|_____| |    | | | |___ ___) || |   |  _/ ___ \ | || |___| |___| |_| |
 (_)     | |    |_| |_____|____/ |_|   |_|/_/   \_\___|_____|_____|____/ 
          \_\                                                            

TEST FAILED WITH ERROR: Add an item to wish list
---------------------------------------------------------------------[0m
2020-12-25 09:55:24 ERROR Serenity:348 - [91mTEST FAILED AT STEP And Options available for the product[0m
2020-12-25 09:55:24 ERROR Serenity:350 - no such element: Unable to locate element: {"method":"css selector","selector":"div[class='a-column a-span3 a-text-center icon-container ncd-icon a-declarative']"}
2020-12-25 09:55:27 INFO  JSONTestOutcomeReporter:59 - Generating JSON report for Add an item to wish list to file D:\Cucumber_Demo\AutomationReports\LatestResults\SerenityReports\16f844a7fac08de41d4d941f8970e6b4424f7206a99d8728cef6f49ab624dd65.json (using temp file D:\Cucumber_Demo\AutomationReports\LatestResults\SerenityReports\16f844a7fac08de41d4d941f8970e6b4424f7206a99d8728cef6f49ab624dd65.json4239ab34-bfc2-433f-8e01-666a685ae549)
2020-12-25 09:55:29 INFO  HtmlAcceptanceTestReporter:120 - GENERATING HTML REPORT FOR Add items to wish list and sort items:Add an item to wish list in 16f844a7fac08de41d4d941f8970e6b4424f7206a99d8728cef6f49ab624dd65.html in directory AutomationReports\LatestResults\SerenityReports  
2020-12-25 09:55:31 INFO  Serenity:255 - 
 _____ _____ ____ _____   ____ _____  _    ____ _____ _____ ____  
|_   _| ____/ ___|_   _| / ___|_   _|/ \  |  _ \_   _| ____|  _ \ 
  | | |  _| \___ \ | |   \___ \ | | / _ \ | |_) || | |  _| | | | |
  | | | |___ ___) || |    ___) || |/ ___ \|  _ < | | | |___| |_| |
  |_| |_____|____/ |_|   |____/ |_/_/   \_\_| \_\|_| |_____|____/ 
                                                                  

TEST STARTED: Sort items by applying filters
-------------------------------------------------------------------(add-items-to-wish-list-and-sort-items;sort-items-by-applying-filters;;2)
2020-12-25 09:55:31 INFO  Serenity:387 - STARTING STEP Sort items by applying filters #1: {productName=Samsung}
2020-12-25 09:55:42 INFO  Hook:106 - Navigated to https://www.amazon.in/
2020-12-25 09:55:42 INFO  Serenity:387 - STARTING STEP Given User is on home page
2020-12-25 09:55:42 INFO  SearchItemAndLanguageChangingStepDef:37 - ******************Verify home page**********************
2020-12-25 09:55:42 INFO  Utils:113 - - Waiting for presence of element Amazon text in time 30 secs
2020-12-25 09:55:42 INFO  Utils:42 - - Waiting until element Amazon text is visible in time 30 secs
2020-12-25 09:55:42 INFO  Utils:120 - - Element for Amazon text is displayed
2020-12-25 09:55:42 INFO  Asserts:42 - ---------------------Expecting value to be TRUE , Received:-true---------------------
2020-12-25 09:55:42 INFO  Serenity:398 - FINISHING STEP
2020-12-25 09:55:42 INFO  Serenity:387 - STARTING STEP When User search for an item with "Samsung"
2020-12-25 09:55:42 INFO  AddItemsAndSortItemsStepDef:41 - ********************Search for an item*********************
2020-12-25 09:55:42 INFO  HomePageActions:26 - *****************Search for an item*********************
2020-12-25 09:55:45 INFO  Utils:950 - Trying to click on Clicked on Search Box element
2020-12-25 09:55:45 INFO  Utils:952 - Clicked on Clicked on Search Box element
2020-12-25 09:55:45 INFO  Utils:113 - - Waiting for presence of element Search Box in time 30 secs
2020-12-25 09:55:45 INFO  Utils:42 - - Waiting until element Search Box is visible in time 30 secs
2020-12-25 09:55:45 INFO  Utils:120 - - Element for Search Box is displayed
2020-12-25 09:55:49 INFO  Utils:950 - Trying to click on Clicked on Search Button element
2020-12-25 09:55:53 INFO  Utils:952 - Clicked on Clicked on Search Button element
2020-12-25 09:55:53 INFO  Serenity:398 - FINISHING STEP
2020-12-25 09:55:53 INFO  Serenity:387 - STARTING STEP Then Sort items by applying filters
2020-12-25 09:55:53 INFO  AddItemsAndSortItemsStepDef:51 - **********************Sort items*******************
2020-12-25 09:55:54 INFO  Utils:113 - - Waiting for presence of element Price: Low to High in time 30 secs
2020-12-25 09:55:54 INFO  Utils:42 - - Waiting until element Price: Low to High is visible in time 30 secs
2020-12-25 09:55:54 INFO  Utils:120 - - Element for Price: Low to High is displayed
2020-12-25 09:55:54 INFO  Asserts:42 - ---------------------Expecting value to be TRUE , Received:-true---------------------
2020-12-25 09:55:54 INFO  HomePageActions:40 - ******************Compare lists whether they are in ascending order or not*********************
2020-12-25 09:55:54 INFO  Serenity:398 - FINISHING STEP
2020-12-25 09:55:54 INFO  Serenity:398 - FINISHING STEP
2020-12-25 09:55:54 INFO  Serenity:377 - [92m
        __    _____ _____ ____ _____   ____   _    ____  ____  _____ ____  
  _     \ \  |_   _| ____/ ___|_   _| |  _ \ / \  / ___|/ ___|| ____|  _ \ 
 (_)_____| |   | | |  _| \___ \ | |   | |_) / _ \ \___ \\___ \|  _| | | | |
  _|_____| |   | | | |___ ___) || |   |  __/ ___ \ ___) |___) | |___| |_| |
 (_)     | |   |_| |_____|____/ |_|   |_| /_/   \_\____/|____/|_____|____/ 
        /_/                                                                

TEST PASSED: Sort items by applying filters
----------------------------------------------------------------------------[0m
2020-12-25 09:56:01 INFO  Serenity:387 - STARTING STEP Sort items by applying filters #2: {productName=OnePlus}
2020-12-25 09:56:10 INFO  Hook:106 - Navigated to https://www.amazon.in/
2020-12-25 09:56:10 INFO  Serenity:387 - STARTING STEP Given User is on home page
2020-12-25 09:56:10 INFO  SearchItemAndLanguageChangingStepDef:37 - ******************Verify home page**********************
2020-12-25 09:56:11 INFO  Utils:113 - - Waiting for presence of element Amazon text in time 30 secs
2020-12-25 09:56:11 INFO  Utils:42 - - Waiting until element Amazon text is visible in time 30 secs
2020-12-25 09:56:11 INFO  Utils:120 - - Element for Amazon text is displayed
2020-12-25 09:56:11 INFO  Asserts:42 - ---------------------Expecting value to be TRUE , Received:-true---------------------
2020-12-25 09:56:11 INFO  Serenity:398 - FINISHING STEP
2020-12-25 09:56:11 INFO  Serenity:387 - STARTING STEP When User search for an item with "OnePlus"
2020-12-25 09:56:11 INFO  AddItemsAndSortItemsStepDef:41 - ********************Search for an item*********************
2020-12-25 09:56:11 INFO  HomePageActions:26 - *****************Search for an item*********************
2020-12-25 09:56:13 INFO  Utils:950 - Trying to click on Clicked on Search Box element
2020-12-25 09:56:14 INFO  Utils:952 - Clicked on Clicked on Search Box element
2020-12-25 09:56:14 INFO  Utils:113 - - Waiting for presence of element Search Box in time 30 secs
2020-12-25 09:56:14 INFO  Utils:42 - - Waiting until element Search Box is visible in time 30 secs
2020-12-25 09:56:14 INFO  Utils:120 - - Element for Search Box is displayed
2020-12-25 09:56:18 INFO  Utils:950 - Trying to click on Clicked on Search Button element
2020-12-25 09:56:22 INFO  Utils:952 - Clicked on Clicked on Search Button element
2020-12-25 09:56:22 INFO  Serenity:398 - FINISHING STEP
2020-12-25 09:56:22 INFO  Serenity:387 - STARTING STEP Then Sort items by applying filters
2020-12-25 09:56:22 INFO  AddItemsAndSortItemsStepDef:51 - **********************Sort items*******************
2020-12-25 09:56:22 INFO  Utils:113 - - Waiting for presence of element Price: Low to High in time 30 secs
2020-12-25 09:56:22 INFO  Utils:42 - - Waiting until element Price: Low to High is visible in time 30 secs
2020-12-25 09:56:22 INFO  Utils:120 - - Element for Price: Low to High is displayed
2020-12-25 09:56:23 INFO  Asserts:42 - ---------------------Expecting value to be TRUE , Received:-true---------------------
2020-12-25 09:56:23 INFO  HomePageActions:40 - ******************Compare lists whether they are in ascending order or not*********************
2020-12-25 09:56:23 INFO  Serenity:398 - FINISHING STEP
2020-12-25 09:56:23 INFO  Serenity:398 - FINISHING STEP
2020-12-25 09:56:23 INFO  Serenity:377 - [92m
        __    _____ _____ ____ _____   ____   _    ____  ____  _____ ____  
  _     \ \  |_   _| ____/ ___|_   _| |  _ \ / \  / ___|/ ___|| ____|  _ \ 
 (_)_____| |   | | |  _| \___ \ | |   | |_) / _ \ \___ \\___ \|  _| | | | |
  _|_____| |   | | | |___ ___) || |   |  __/ ___ \ ___) |___) | |___| |_| |
 (_)     | |   |_| |_____|____/ |_|   |_| /_/   \_\____/|____/|_____|____/ 
        /_/                                                                

TEST PASSED: Sort items by applying filters
----------------------------------------------------------------------------[0m
2020-12-25 09:56:25 INFO  JSONTestOutcomeReporter:59 - Generating JSON report for Sort items by applying filters to file D:\Cucumber_Demo\AutomationReports\LatestResults\SerenityReports\59aab2d5cbcf5e199d97305aedb34d5064fe9f7ae7b3cd6f3e5318a81f3bbae7.json (using temp file D:\Cucumber_Demo\AutomationReports\LatestResults\SerenityReports\59aab2d5cbcf5e199d97305aedb34d5064fe9f7ae7b3cd6f3e5318a81f3bbae7.jsone5031f21-f329-4ce9-9424-20f1f44e9923)
2020-12-25 09:56:25 INFO  JSONTestOutcomeReporter:59 - Generating JSON report for Add an item to wish list to file D:\Cucumber_Demo\AutomationReports\LatestResults\SerenityReports\16f844a7fac08de41d4d941f8970e6b4424f7206a99d8728cef6f49ab624dd65.json (using temp file D:\Cucumber_Demo\AutomationReports\LatestResults\SerenityReports\16f844a7fac08de41d4d941f8970e6b4424f7206a99d8728cef6f49ab624dd65.jsonae34f2f2-8b89-43ab-ab2e-137136c1ba74)
2020-12-25 09:56:25 INFO  HtmlAcceptanceTestReporter:120 - GENERATING HTML REPORT FOR Add items to wish list and sort items:Sort items by applying filters in 59aab2d5cbcf5e199d97305aedb34d5064fe9f7ae7b3cd6f3e5318a81f3bbae7.html in directory AutomationReports\LatestResults\SerenityReports  
2020-12-25 09:56:25 INFO  HtmlAcceptanceTestReporter:120 - GENERATING HTML REPORT FOR Add items to wish list and sort items:Add an item to wish list in 16f844a7fac08de41d4d941f8970e6b4424f7206a99d8728cef6f49ab624dd65.html in directory AutomationReports\LatestResults\SerenityReports  
2020-12-25 09:56:25 INFO  Serenity:238 - Test Suite Started: Pincode change and prime benefits and cart verification
2020-12-25 09:56:25 INFO  Serenity:255 - 
 _____ _____ ____ _____   ____ _____  _    ____ _____ _____ ____  
|_   _| ____/ ___|_   _| / ___|_   _|/ \  |  _ \_   _| ____|  _ \ 
  | | |  _| \___ \ | |   \___ \ | | / _ \ | |_) || | |  _| | | | |
  | | | |___ ___) || |    ___) || |/ ___ \|  _ < | | | |___| |_| |
  |_| |_____|____/ |_|   |____/ |_/_/   \_\_| \_\|_| |_____|____/ 
                                                                  

TEST STARTED: Add PinCode To The Address
-------------------------------------------------------------------(pincode-change-and-prime-benefits-and-cart-verification;add-pincode-to-the-address;;2)
2020-12-25 09:56:25 INFO  Serenity:387 - STARTING STEP Add PinCode To The Address #1: {pinCode=500081}
2020-12-25 09:56:35 INFO  Hook:106 - Navigated to https://www.amazon.in/
2020-12-25 09:56:35 INFO  Serenity:387 - STARTING STEP Given User is on home page
2020-12-25 09:56:35 INFO  SearchItemAndLanguageChangingStepDef:37 - ******************Verify home page**********************
2020-12-25 09:56:35 INFO  Utils:113 - - Waiting for presence of element Amazon text in time 30 secs
2020-12-25 09:56:35 INFO  Utils:42 - - Waiting until element Amazon text is visible in time 30 secs
2020-12-25 09:56:35 INFO  Utils:120 - - Element for Amazon text is displayed
2020-12-25 09:56:35 INFO  Asserts:42 - ---------------------Expecting value to be TRUE , Received:-true---------------------
2020-12-25 09:56:35 INFO  Serenity:398 - FINISHING STEP
2020-12-25 09:56:35 INFO  Serenity:387 - STARTING STEP When User add "500081" for the address
2020-12-25 09:56:35 INFO  CartOptionAndPrimeAndPinCodeStepDef:36 - ***************User add the address*******************
2020-12-25 09:56:38 INFO  Utils:950 - Trying to click on Select Your Address is clicked element
2020-12-25 09:56:38 INFO  Utils:952 - Clicked on Select Your Address is clicked element
2020-12-25 09:56:38 INFO  Utils:113 - - Waiting for presence of element Text Entered in time 30 secs
2020-12-25 09:56:38 INFO  Utils:42 - - Waiting until element Text Entered is visible in time 30 secs
2020-12-25 09:56:39 INFO  Utils:120 - - Element for Text Entered is displayed
2020-12-25 09:56:41 INFO  Utils:1347 - element clicked on  Clicked On Apply Button
2020-12-25 09:56:41 INFO  Serenity:398 - FINISHING STEP
2020-12-25 09:56:41 INFO  Serenity:387 - STARTING STEP Then Verify the pincode is added or not
2020-12-25 09:56:41 INFO  CartOptionAndPrimeAndPinCodeStepDef:48 - ********************Verify the pincode*******************
2020-12-25 09:56:41 INFO  Utils:113 - - Waiting for presence of element Select your address in time 30 secs
2020-12-25 09:56:41 INFO  Utils:42 - - Waiting until element Select your address is visible in time 30 secs
2020-12-25 09:56:41 INFO  Utils:120 - - Element for Select your address is displayed
2020-12-25 09:56:45 INFO  Utils:950 - Trying to click on Select your address pincode element
2020-12-25 09:56:46 INFO  Utils:952 - Clicked on Select your address pincode element
2020-12-25 09:56:46 INFO  Utils:113 - - Waiting for presence of element Pin code text box in time 30 secs
2020-12-25 09:56:46 INFO  Utils:42 - - Waiting until element Pin code text box is visible in time 30 secs
2020-12-25 09:56:46 INFO  Utils:120 - - Element for Pin code text box is displayed
2020-12-25 09:56:47 INFO  Asserts:42 - ---------------------Expecting value to be TRUE , Received:-true---------------------
2020-12-25 09:56:47 INFO  Serenity:398 - FINISHING STEP
2020-12-25 09:56:47 INFO  Serenity:398 - FINISHING STEP
2020-12-25 09:56:47 INFO  Serenity:377 - [92m
        __    _____ _____ ____ _____   ____   _    ____  ____  _____ ____  
  _     \ \  |_   _| ____/ ___|_   _| |  _ \ / \  / ___|/ ___|| ____|  _ \ 
 (_)_____| |   | | |  _| \___ \ | |   | |_) / _ \ \___ \\___ \|  _| | | | |
  _|_____| |   | | | |___ ___) || |   |  __/ ___ \ ___) |___) | |___| |_| |
 (_)     | |   |_| |_____|____/ |_|   |_| /_/   \_\____/|____/|_____|____/ 
        /_/                                                                

TEST PASSED: Add PinCode To The Address
----------------------------------------------------------------------------[0m
2020-12-25 09:56:48 INFO  Serenity:387 - STARTING STEP Add PinCode To The Address #2: {pinCode=500041}
2020-12-25 09:56:58 INFO  Hook:106 - Navigated to https://www.amazon.in/
2020-12-25 09:56:58 INFO  Serenity:387 - STARTING STEP Given User is on home page
2020-12-25 09:56:58 INFO  SearchItemAndLanguageChangingStepDef:37 - ******************Verify home page**********************
2020-12-25 09:56:59 INFO  Utils:113 - - Waiting for presence of element Amazon text in time 30 secs
2020-12-25 09:56:59 INFO  Utils:42 - - Waiting until element Amazon text is visible in time 30 secs
2020-12-25 09:56:59 INFO  Utils:120 - - Element for Amazon text is displayed
2020-12-25 09:56:59 INFO  Asserts:42 - ---------------------Expecting value to be TRUE , Received:-true---------------------
2020-12-25 09:56:59 INFO  Serenity:398 - FINISHING STEP
2020-12-25 09:56:59 INFO  Serenity:387 - STARTING STEP When User add "500041" for the address
2020-12-25 09:56:59 INFO  CartOptionAndPrimeAndPinCodeStepDef:36 - ***************User add the address*******************
2020-12-25 09:57:02 INFO  Utils:950 - Trying to click on Select Your Address is clicked element
2020-12-25 09:57:02 INFO  Utils:952 - Clicked on Select Your Address is clicked element
2020-12-25 09:57:02 INFO  Utils:113 - - Waiting for presence of element Text Entered in time 30 secs
2020-12-25 09:57:02 INFO  Utils:42 - - Waiting until element Text Entered is visible in time 30 secs
2020-12-25 09:57:03 INFO  Utils:120 - - Element for Text Entered is displayed
2020-12-25 09:57:05 INFO  Utils:1347 - element clicked on  Clicked On Apply Button
2020-12-25 09:57:05 INFO  Serenity:398 - FINISHING STEP
2020-12-25 09:57:05 INFO  Serenity:387 - STARTING STEP Then Verify the pincode is added or not
2020-12-25 09:57:05 INFO  CartOptionAndPrimeAndPinCodeStepDef:48 - ********************Verify the pincode*******************
2020-12-25 09:57:05 INFO  Utils:113 - - Waiting for presence of element Select your address in time 30 secs
2020-12-25 09:57:05 INFO  Utils:42 - - Waiting until element Select your address is visible in time 30 secs
2020-12-25 09:57:05 INFO  Utils:120 - - Element for Select your address is displayed
2020-12-25 09:57:09 INFO  Utils:950 - Trying to click on Select your address pincode element
2020-12-25 09:57:10 INFO  Utils:952 - Clicked on Select your address pincode element
2020-12-25 09:57:10 INFO  Utils:113 - - Waiting for presence of element Pin code text box in time 30 secs
2020-12-25 09:57:10 INFO  Utils:42 - - Waiting until element Pin code text box is visible in time 30 secs
2020-12-25 09:57:11 INFO  Utils:120 - - Element for Pin code text box is displayed
2020-12-25 09:57:11 INFO  Asserts:42 - ---------------------Expecting value to be TRUE , Received:-true---------------------
2020-12-25 09:57:11 INFO  Serenity:398 - FINISHING STEP
2020-12-25 09:57:11 INFO  Serenity:398 - FINISHING STEP
2020-12-25 09:57:11 INFO  Serenity:377 - [92m
        __    _____ _____ ____ _____   ____   _    ____  ____  _____ ____  
  _     \ \  |_   _| ____/ ___|_   _| |  _ \ / \  / ___|/ ___|| ____|  _ \ 
 (_)_____| |   | | |  _| \___ \ | |   | |_) / _ \ \___ \\___ \|  _| | | | |
  _|_____| |   | | | |___ ___) || |   |  __/ ___ \ ___) |___) | |___| |_| |
 (_)     | |   |_| |_____|____/ |_|   |_| /_/   \_\____/|____/|_____|____/ 
        /_/                                                                

TEST PASSED: Add PinCode To The Address
----------------------------------------------------------------------------[0m
2020-12-25 09:57:12 INFO  JSONTestOutcomeReporter:59 - Generating JSON report for Add an item to wish list to file D:\Cucumber_Demo\AutomationReports\LatestResults\SerenityReports\16f844a7fac08de41d4d941f8970e6b4424f7206a99d8728cef6f49ab624dd65.json (using temp file D:\Cucumber_Demo\AutomationReports\LatestResults\SerenityReports\16f844a7fac08de41d4d941f8970e6b4424f7206a99d8728cef6f49ab624dd65.json258ef86f-6d44-40b0-b7c0-2e4988ea2940)
2020-12-25 09:57:12 INFO  JSONTestOutcomeReporter:59 - Generating JSON report for Sort items by applying filters to file D:\Cucumber_Demo\AutomationReports\LatestResults\SerenityReports\59aab2d5cbcf5e199d97305aedb34d5064fe9f7ae7b3cd6f3e5318a81f3bbae7.json (using temp file D:\Cucumber_Demo\AutomationReports\LatestResults\SerenityReports\59aab2d5cbcf5e199d97305aedb34d5064fe9f7ae7b3cd6f3e5318a81f3bbae7.json4f5f6173-282a-4bc8-8be9-d06a6197b72a)
2020-12-25 09:57:12 INFO  JSONTestOutcomeReporter:59 - Generating JSON report for Add PinCode To The Address to file D:\Cucumber_Demo\AutomationReports\LatestResults\SerenityReports\4a980713ed2ee56dba9a0d66f03750baae6b6631624b911efeb12718157c33dc.json (using temp file D:\Cucumber_Demo\AutomationReports\LatestResults\SerenityReports\4a980713ed2ee56dba9a0d66f03750baae6b6631624b911efeb12718157c33dc.jsondd4bf308-5b82-4f5b-8d99-c87adea99b5e)
2020-12-25 09:57:12 INFO  HtmlAcceptanceTestReporter:120 - GENERATING HTML REPORT FOR Add items to wish list and sort items:Sort items by applying filters in 59aab2d5cbcf5e199d97305aedb34d5064fe9f7ae7b3cd6f3e5318a81f3bbae7.html in directory AutomationReports\LatestResults\SerenityReports  
2020-12-25 09:57:12 INFO  HtmlAcceptanceTestReporter:120 - GENERATING HTML REPORT FOR Pincode change and prime benefits and cart verification:Add PinCode To The Address in 4a980713ed2ee56dba9a0d66f03750baae6b6631624b911efeb12718157c33dc.html in directory AutomationReports\LatestResults\SerenityReports  
2020-12-25 09:57:12 INFO  HtmlAcceptanceTestReporter:120 - GENERATING HTML REPORT FOR Add items to wish list and sort items:Add an item to wish list in 16f844a7fac08de41d4d941f8970e6b4424f7206a99d8728cef6f49ab624dd65.html in directory AutomationReports\LatestResults\SerenityReports  
2020-12-25 09:57:12 INFO  Serenity:255 - 
 _____ _____ ____ _____   ____ _____  _    ____ _____ _____ ____  
|_   _| ____/ ___|_   _| / ___|_   _|/ \  |  _ \_   _| ____|  _ \ 
  | | |  _| \___ \ | |   \___ \ | | / _ \ | |_) || | |  _| | | | |
  | | | |___ ___) || |    ___) || |/ ___ \|  _ < | | | |___| |_| |
  |_| |_____|____/ |_|   |____/ |_/_/   \_\_| \_\|_| |_____|____/ 
                                                                  

TEST STARTED: Amazon Prime Benefits
-------------------------------------------------------------------(pincode-change-and-prime-benefits-and-cart-verification;amazon-prime-benefits)
2020-12-25 09:57:22 INFO  Hook:106 - Navigated to https://www.amazon.in/
2020-12-25 09:57:22 INFO  Serenity:387 - STARTING STEP Given User is on home page
2020-12-25 09:57:22 INFO  SearchItemAndLanguageChangingStepDef:37 - ******************Verify home page**********************
2020-12-25 09:57:23 INFO  Utils:113 - - Waiting for presence of element Amazon text in time 30 secs
2020-12-25 09:57:23 INFO  Utils:42 - - Waiting until element Amazon text is visible in time 30 secs
2020-12-25 09:57:23 INFO  Utils:120 - - Element for Amazon text is displayed
2020-12-25 09:57:23 INFO  Asserts:42 - ---------------------Expecting value to be TRUE , Received:-true---------------------
2020-12-25 09:57:23 INFO  Serenity:398 - FINISHING STEP
2020-12-25 09:57:23 INFO  Serenity:387 - STARTING STEP When User navigated to prime page
2020-12-25 09:57:23 INFO  CartOptionAndPrimeAndPinCodeStepDef:80 - ********************Navigate to prime page*************************
2020-12-25 09:57:23 INFO  Utils:958 - - Element Clicked On Try Prime Link was not found in DOM
2020-12-25 09:57:25 INFO  Serenity:406 - [91mSTEP FAILURE: java.lang.AssertionError: Element Clicked On Try Prime Link was not found in DOM[0m
2020-12-25 09:57:25 INFO  Serenity:387 - STARTING STEP Then Verify the prime benefits
2020-12-25 09:57:25 INFO  Serenity:416 - [33mIGNORING STEP[0m
2020-12-25 09:57:25 ERROR Serenity:301 - [91m
           __  _____ _____ ____ _____   _____ _    ___ _     _____ ____  
  _       / / |_   _| ____/ ___|_   _| |  ___/ \  |_ _| |   | ____|  _ \ 
 (_)_____| |    | | |  _| \___ \ | |   | |_ / _ \  | || |   |  _| | | | |
  _|_____| |    | | | |___ ___) || |   |  _/ ___ \ | || |___| |___| |_| |
 (_)     | |    |_| |_____|____/ |_|   |_|/_/   \_\___|_____|_____|____/ 
          \_\                                                            

TEST FAILED: Amazon Prime Benefits
--------------------------------------------------------------------------[0m
2020-12-25 09:57:25 ERROR Serenity:348 - [91mTEST FAILED AT STEP When User navigated to prime page[0m
2020-12-25 09:57:25 ERROR Serenity:350 - Element Clicked On Try Prime Link was not found in DOM
2020-12-25 09:57:28 INFO  JSONTestOutcomeReporter:59 - Generating JSON report for Add an item to wish list to file D:\Cucumber_Demo\AutomationReports\LatestResults\SerenityReports\16f844a7fac08de41d4d941f8970e6b4424f7206a99d8728cef6f49ab624dd65.json (using temp file D:\Cucumber_Demo\AutomationReports\LatestResults\SerenityReports\16f844a7fac08de41d4d941f8970e6b4424f7206a99d8728cef6f49ab624dd65.jsonfab2696d-bb89-4533-9e9b-013777c18eb0)
2020-12-25 09:57:28 INFO  JSONTestOutcomeReporter:59 - Generating JSON report for Amazon Prime Benefits to file D:\Cucumber_Demo\AutomationReports\LatestResults\SerenityReports\9e58bb2880e89c2cbfc641d7d3e15ee0c7d80caa0dcc0689f3d5745201435d2a.json (using temp file D:\Cucumber_Demo\AutomationReports\LatestResults\SerenityReports\9e58bb2880e89c2cbfc641d7d3e15ee0c7d80caa0dcc0689f3d5745201435d2a.jsond517f1ea-b328-4fd6-8755-a3b28f5124da)
2020-12-25 09:57:28 INFO  JSONTestOutcomeReporter:59 - Generating JSON report for Sort items by applying filters to file D:\Cucumber_Demo\AutomationReports\LatestResults\SerenityReports\59aab2d5cbcf5e199d97305aedb34d5064fe9f7ae7b3cd6f3e5318a81f3bbae7.json (using temp file D:\Cucumber_Demo\AutomationReports\LatestResults\SerenityReports\59aab2d5cbcf5e199d97305aedb34d5064fe9f7ae7b3cd6f3e5318a81f3bbae7.json85ee651d-43ff-4121-a279-ea027293d631)
2020-12-25 09:57:28 INFO  JSONTestOutcomeReporter:59 - Generating JSON report for Add PinCode To The Address to file D:\Cucumber_Demo\AutomationReports\LatestResults\SerenityReports\4a980713ed2ee56dba9a0d66f03750baae6b6631624b911efeb12718157c33dc.json (using temp file D:\Cucumber_Demo\AutomationReports\LatestResults\SerenityReports\4a980713ed2ee56dba9a0d66f03750baae6b6631624b911efeb12718157c33dc.jsondd2809cd-c1f0-48ed-b9b8-62816ea8a5d6)
2020-12-25 09:57:28 INFO  HtmlAcceptanceTestReporter:120 - GENERATING HTML REPORT FOR Add items to wish list and sort items:Sort items by applying filters in 59aab2d5cbcf5e199d97305aedb34d5064fe9f7ae7b3cd6f3e5318a81f3bbae7.html in directory AutomationReports\LatestResults\SerenityReports  
2020-12-25 09:57:28 INFO  HtmlAcceptanceTestReporter:120 - GENERATING HTML REPORT FOR Pincode change and prime benefits and cart verification:Add PinCode To The Address in 4a980713ed2ee56dba9a0d66f03750baae6b6631624b911efeb12718157c33dc.html in directory AutomationReports\LatestResults\SerenityReports  
2020-12-25 09:57:28 INFO  HtmlAcceptanceTestReporter:120 - GENERATING HTML REPORT FOR Add items to wish list and sort items:Add an item to wish list in 16f844a7fac08de41d4d941f8970e6b4424f7206a99d8728cef6f49ab624dd65.html in directory AutomationReports\LatestResults\SerenityReports  
2020-12-25 09:57:28 INFO  HtmlAcceptanceTestReporter:120 - GENERATING HTML REPORT FOR Pincode change and prime benefits and cart verification:Amazon Prime Benefits in 9e58bb2880e89c2cbfc641d7d3e15ee0c7d80caa0dcc0689f3d5745201435d2a.html in directory AutomationReports\LatestResults\SerenityReports  
2020-12-25 09:57:29 INFO  Serenity:255 - 
 _____ _____ ____ _____   ____ _____  _    ____ _____ _____ ____  
|_   _| ____/ ___|_   _| / ___|_   _|/ \  |  _ \_   _| ____|  _ \ 
  | | |  _| \___ \ | |   \___ \ | | / _ \ | |_) || | |  _| | | | |
  | | | |___ ___) || |    ___) || |/ ___ \|  _ < | | | |___| |_| |
  |_| |_____|____/ |_|   |____/ |_/_/   \_\_| \_\|_| |_____|____/ 
                                                                  

TEST STARTED: Empty cart verification
-------------------------------------------------------------------(pincode-change-and-prime-benefits-and-cart-verification;empty-cart-verification)
2020-12-25 09:57:39 INFO  Hook:106 - Navigated to https://www.amazon.in/
2020-12-25 09:57:39 INFO  Serenity:387 - STARTING STEP Given User is on home page
2020-12-25 09:57:39 INFO  SearchItemAndLanguageChangingStepDef:37 - ******************Verify home page**********************
2020-12-25 09:57:40 INFO  Utils:113 - - Waiting for presence of element Amazon text in time 30 secs
2020-12-25 09:57:40 INFO  Utils:42 - - Waiting until element Amazon text is visible in time 30 secs
2020-12-25 09:57:40 INFO  Utils:120 - - Element for Amazon text is displayed
2020-12-25 09:57:40 INFO  Asserts:42 - ---------------------Expecting value to be TRUE , Received:-true---------------------
2020-12-25 09:57:40 INFO  Serenity:398 - FINISHING STEP
2020-12-25 09:57:40 INFO  Serenity:387 - STARTING STEP When User navigate to add to cart option in home page
2020-12-25 09:57:40 INFO  CartOptionAndPrimeAndPinCodeStepDef:61 - **************Add to cart*********************
2020-12-25 09:57:43 INFO  Utils:950 - Trying to click on Clicked On Add To Cart element
2020-12-25 09:57:44 INFO  Utils:952 - Clicked on Clicked On Add To Cart element
2020-12-25 09:57:44 INFO  Serenity:398 - FINISHING STEP
2020-12-25 09:57:44 INFO  Serenity:387 - STARTING STEP Then Verify the cart in home page
2020-12-25 09:57:44 INFO  CartOptionAndPrimeAndPinCodeStepDef:70 - ****************Verify the cart****************
2020-12-25 09:58:15 INFO  Serenity:406 - [91mSTEP ERROR: org.openqa.selenium.NoSuchElementException: no such element: Unable to locate element: {"method":"css selector","selector":"[class='sc-empty-cart-header']"}
  (Session info: chrome=87.0.4280.88)
For documentation on this error, please visit: http://seleniumhq.org/exceptions/no_such_element.html
Build info: version: '3.5.3', revision: 'a88d25fe6b', time: '2017-08-29T12:42:44.417Z'
System info: host: 'DESKTOP-LN9R7IR', ip: '192.168.0.106', os.name: 'Windows 10', os.arch: 'amd64', os.version: '10.0', java.version: '11.0.6'
Driver info: org.openqa.selenium.chrome.ChromeDriver
Capabilities [{networkConnectionEnabled=false, chrome={chromedriverVersion=87.0.4280.88 (89e2380a3e36c3464b5dd1302349b1382549290d-refs/branch-heads/4280@{#1761}), userDataDir=C:\Users\LENOVO\AppData\Local\Temp\scoped_dir8916_719352919}, timeouts={implicit=0, pageLoad=300000, script=30000}, pageLoadStrategy=normal, unhandledPromptBehavior=dismiss and notify, strictFileInteractability=false, platform=XP, proxy=Proxy(), goog:chromeOptions={debuggerAddress=localhost:64790}, acceptInsecureCerts=false, browserVersion=87.0.4280.88, browserName=chrome, javascriptEnabled=true, platformName=XP, setWindowRect=true, webauthn:virtualAuthenticators=true}]
Session ID: 3db4c7ff5027e5b861a491a327db9dfe
*** Element info: {Using=css selector, value=[class='sc-empty-cart-header']}
For documentation on this error, please visit: http://seleniumhq.org/exceptions/no_such_element.html
Build info: version: '3.5.3', revision: 'a88d25fe6b', time: '2017-08-29T12:42:44.417Z'
System info: host: 'DESKTOP-LN9R7IR', ip: '192.168.0.106', os.name: 'Windows 10', os.arch: 'amd64', os.version: '10.0', java.version: '11.0.6'
Driver info: driver.version: unknown[0m
2020-12-25 09:58:15 ERROR Serenity:313 - [91m
           __  _____ _____ ____ _____   _____ _    ___ _     _____ ____  
  _       / / |_   _| ____/ ___|_   _| |  ___/ \  |_ _| |   | ____|  _ \ 
 (_)_____| |    | | |  _| \___ \ | |   | |_ / _ \  | || |   |  _| | | | |
  _|_____| |    | | | |___ ___) || |   |  _/ ___ \ | || |___| |___| |_| |
 (_)     | |    |_| |_____|____/ |_|   |_|/_/   \_\___|_____|_____|____/ 
          \_\                                                            

TEST FAILED WITH ERROR: Empty cart verification
---------------------------------------------------------------------[0m
2020-12-25 09:58:15 ERROR Serenity:348 - [91mTEST FAILED AT STEP Then Verify the cart in home page[0m
2020-12-25 09:58:15 ERROR Serenity:350 - no such element: Unable to locate element: {"method":"css selector","selector":"[class='sc-empty-cart-header']"}
2020-12-25 09:58:16 INFO  JSONTestOutcomeReporter:59 - Generating JSON report for Sort items by applying filters to file D:\Cucumber_Demo\AutomationReports\LatestResults\SerenityReports\59aab2d5cbcf5e199d97305aedb34d5064fe9f7ae7b3cd6f3e5318a81f3bbae7.json (using temp file D:\Cucumber_Demo\AutomationReports\LatestResults\SerenityReports\59aab2d5cbcf5e199d97305aedb34d5064fe9f7ae7b3cd6f3e5318a81f3bbae7.jsonfff4cc46-2492-486f-bd0e-fcdd44dbed32)
2020-12-25 09:58:16 INFO  JSONTestOutcomeReporter:59 - Generating JSON report for Add PinCode To The Address to file D:\Cucumber_Demo\AutomationReports\LatestResults\SerenityReports\4a980713ed2ee56dba9a0d66f03750baae6b6631624b911efeb12718157c33dc.json (using temp file D:\Cucumber_Demo\AutomationReports\LatestResults\SerenityReports\4a980713ed2ee56dba9a0d66f03750baae6b6631624b911efeb12718157c33dc.jsonfee4621f-8c91-4461-beb2-4e041a471360)
2020-12-25 09:58:16 INFO  JSONTestOutcomeReporter:59 - Generating JSON report for Amazon Prime Benefits to file D:\Cucumber_Demo\AutomationReports\LatestResults\SerenityReports\9e58bb2880e89c2cbfc641d7d3e15ee0c7d80caa0dcc0689f3d5745201435d2a.json (using temp file D:\Cucumber_Demo\AutomationReports\LatestResults\SerenityReports\9e58bb2880e89c2cbfc641d7d3e15ee0c7d80caa0dcc0689f3d5745201435d2a.json05672266-1809-41e0-a51c-d4e627195422)
2020-12-25 09:58:16 INFO  JSONTestOutcomeReporter:59 - Generating JSON report for Add an item to wish list to file D:\Cucumber_Demo\AutomationReports\LatestResults\SerenityReports\16f844a7fac08de41d4d941f8970e6b4424f7206a99d8728cef6f49ab624dd65.json (using temp file D:\Cucumber_Demo\AutomationReports\LatestResults\SerenityReports\16f844a7fac08de41d4d941f8970e6b4424f7206a99d8728cef6f49ab624dd65.jsond79f135a-b621-46ef-98ad-f7b378b0a27d)
2020-12-25 09:58:16 INFO  JSONTestOutcomeReporter:59 - Generating JSON report for Empty cart verification to file D:\Cucumber_Demo\AutomationReports\LatestResults\SerenityReports\e9df815b958d77454d596a744df9c62a92fb32b0aba617ade473872685412bc8.json (using temp file D:\Cucumber_Demo\AutomationReports\LatestResults\SerenityReports\e9df815b958d77454d596a744df9c62a92fb32b0aba617ade473872685412bc8.json96cc67c1-60e0-4e13-8460-74e2dfaa53bd)
2020-12-25 09:58:17 INFO  HtmlAcceptanceTestReporter:120 - GENERATING HTML REPORT FOR Pincode change and prime benefits and cart verification:Add PinCode To The Address in 4a980713ed2ee56dba9a0d66f03750baae6b6631624b911efeb12718157c33dc.html in directory AutomationReports\LatestResults\SerenityReports  
2020-12-25 09:58:17 INFO  HtmlAcceptanceTestReporter:120 - GENERATING HTML REPORT FOR Add items to wish list and sort items:Sort items by applying filters in 59aab2d5cbcf5e199d97305aedb34d5064fe9f7ae7b3cd6f3e5318a81f3bbae7.html in directory AutomationReports\LatestResults\SerenityReports  
2020-12-25 09:58:17 INFO  HtmlAcceptanceTestReporter:120 - GENERATING HTML REPORT FOR Pincode change and prime benefits and cart verification:Amazon Prime Benefits in 9e58bb2880e89c2cbfc641d7d3e15ee0c7d80caa0dcc0689f3d5745201435d2a.html in directory AutomationReports\LatestResults\SerenityReports  
2020-12-25 09:58:17 INFO  HtmlAcceptanceTestReporter:120 - GENERATING HTML REPORT FOR Add items to wish list and sort items:Add an item to wish list in 16f844a7fac08de41d4d941f8970e6b4424f7206a99d8728cef6f49ab624dd65.html in directory AutomationReports\LatestResults\SerenityReports  
2020-12-25 09:58:17 INFO  HtmlAcceptanceTestReporter:120 - GENERATING HTML REPORT FOR Pincode change and prime benefits and cart verification:Empty cart verification in e9df815b958d77454d596a744df9c62a92fb32b0aba617ade473872685412bc8.html in directory AutomationReports\LatestResults\SerenityReports  
2020-12-25 09:58:17 INFO  Serenity:238 - Test Suite Started: Search product in amazon and language change option
2020-12-25 09:58:17 INFO  Serenity:255 - 
 _____ _____ ____ _____   ____ _____  _    ____ _____ _____ ____  
|_   _| ____/ ___|_   _| / ___|_   _|/ \  |  _ \_   _| ____|  _ \ 
  | | |  _| \___ \ | |   \___ \ | | / _ \ | |_) || | |  _| | | | |
  | | | |___ ___) || |    ___) || |/ ___ \|  _ < | | | |___| |_| |
  |_| |_____|____/ |_|   |____/ |_/_/   \_\_| \_\|_| |_____|____/ 
                                                                  

TEST STARTED: Search for an Item
-------------------------------------------------------------------(search-product-in-amazon-and-language-change-option;search-for-an-item;;2)
2020-12-25 09:58:17 INFO  Serenity:387 - STARTING STEP Search for an Item #1: {productName=Samsung}
2020-12-25 09:58:27 INFO  Hook:106 - Navigated to https://www.amazon.in/
2020-12-25 09:58:27 INFO  Serenity:387 - STARTING STEP Given User is on home page
2020-12-25 09:58:27 INFO  SearchItemAndLanguageChangingStepDef:37 - ******************Verify home page**********************
2020-12-25 09:58:28 INFO  Utils:113 - - Waiting for presence of element Amazon text in time 30 secs
2020-12-25 09:58:28 INFO  Utils:42 - - Waiting until element Amazon text is visible in time 30 secs
2020-12-25 09:58:28 INFO  Utils:120 - - Element for Amazon text is displayed
2020-12-25 09:58:28 INFO  Asserts:42 - ---------------------Expecting value to be TRUE , Received:-true---------------------
2020-12-25 09:58:28 INFO  Serenity:398 - FINISHING STEP
2020-12-25 09:58:28 INFO  Serenity:387 - STARTING STEP When Search for an item with "Samsung"
2020-12-25 09:58:28 INFO  SearchItemAndLanguageChangingStepDef:49 - *********************Search for am item*********************
2020-12-25 09:58:28 INFO  HomePageActions:26 - *****************Search for an item*********************
2020-12-25 09:58:30 INFO  Utils:950 - Trying to click on Clicked on Search Box element
2020-12-25 09:58:31 INFO  Utils:952 - Clicked on Clicked on Search Box element
2020-12-25 09:58:31 INFO  Utils:113 - - Waiting for presence of element Search Box in time 30 secs
2020-12-25 09:58:31 INFO  Utils:42 - - Waiting until element Search Box is visible in time 30 secs
2020-12-25 09:58:31 INFO  Utils:120 - - Element for Search Box is displayed
2020-12-25 09:58:35 INFO  Utils:950 - Trying to click on Clicked on Search Button element
2020-12-25 09:58:38 INFO  Utils:952 - Clicked on Clicked on Search Button element
2020-12-25 09:58:38 INFO  Serenity:398 - FINISHING STEP
2020-12-25 09:58:38 INFO  Serenity:387 - STARTING STEP Then Verify the items displayed
2020-12-25 09:58:38 INFO  SearchItemAndLanguageChangingStepDef:58 - ************Verify the items*********************
2020-12-25 09:58:39 INFO  Utils:113 - - Waiting for presence of element Search Item Displayed text in time 30 secs
2020-12-25 09:58:39 INFO  Utils:42 - - Waiting until element Search Item Displayed text is visible in time 30 secs
2020-12-25 09:58:39 INFO  Utils:120 - - Element for Search Item Displayed text is displayed
2020-12-25 09:58:39 INFO  Asserts:42 - ---------------------Expecting value to be TRUE , Received:-true---------------------
2020-12-25 09:58:39 INFO  Serenity:398 - FINISHING STEP
2020-12-25 09:58:39 INFO  Serenity:398 - FINISHING STEP
2020-12-25 09:58:39 INFO  Serenity:377 - [92m
        __    _____ _____ ____ _____   ____   _    ____  ____  _____ ____  
  _     \ \  |_   _| ____/ ___|_   _| |  _ \ / \  / ___|/ ___|| ____|  _ \ 
 (_)_____| |   | | |  _| \___ \ | |   | |_) / _ \ \___ \\___ \|  _| | | | |
  _|_____| |   | | | |___ ___) || |   |  __/ ___ \ ___) |___) | |___| |_| |
 (_)     | |   |_| |_____|____/ |_|   |_| /_/   \_\____/|____/|_____|____/ 
        /_/                                                                

TEST PASSED: Search for an Item
----------------------------------------------------------------------------[0m
2020-12-25 09:58:41 INFO  Serenity:387 - STARTING STEP Search for an Item #2: {productName=OnePlus}
2020-12-25 09:58:50 INFO  Hook:106 - Navigated to https://www.amazon.in/
2020-12-25 09:58:50 INFO  Serenity:387 - STARTING STEP Given User is on home page
2020-12-25 09:58:50 INFO  SearchItemAndLanguageChangingStepDef:37 - ******************Verify home page**********************
2020-12-25 09:58:51 INFO  Utils:113 - - Waiting for presence of element Amazon text in time 30 secs
2020-12-25 09:58:51 INFO  Utils:42 - - Waiting until element Amazon text is visible in time 30 secs
2020-12-25 09:58:51 INFO  Utils:120 - - Element for Amazon text is displayed
2020-12-25 09:58:51 INFO  Asserts:42 - ---------------------Expecting value to be TRUE , Received:-true---------------------
2020-12-25 09:58:51 INFO  Serenity:398 - FINISHING STEP
2020-12-25 09:58:51 INFO  Serenity:387 - STARTING STEP When Search for an item with "OnePlus"
2020-12-25 09:58:51 INFO  SearchItemAndLanguageChangingStepDef:49 - *********************Search for am item*********************
2020-12-25 09:58:51 INFO  HomePageActions:26 - *****************Search for an item*********************
2020-12-25 09:58:54 INFO  Utils:950 - Trying to click on Clicked on Search Box element
2020-12-25 09:58:54 INFO  Utils:952 - Clicked on Clicked on Search Box element
2020-12-25 09:58:54 INFO  Utils:113 - - Waiting for presence of element Search Box in time 30 secs
2020-12-25 09:58:54 INFO  Utils:42 - - Waiting until element Search Box is visible in time 30 secs
2020-12-25 09:58:54 INFO  Utils:120 - - Element for Search Box is displayed
2020-12-25 09:58:58 INFO  Utils:950 - Trying to click on Clicked on Search Button element
2020-12-25 09:59:02 INFO  Utils:952 - Clicked on Clicked on Search Button element
2020-12-25 09:59:02 INFO  Serenity:398 - FINISHING STEP
2020-12-25 09:59:02 INFO  Serenity:387 - STARTING STEP Then Verify the items displayed
2020-12-25 09:59:02 INFO  SearchItemAndLanguageChangingStepDef:58 - ************Verify the items*********************
2020-12-25 09:59:03 INFO  Utils:113 - - Waiting for presence of element Search Item Displayed text in time 30 secs
2020-12-25 09:59:03 INFO  Utils:42 - - Waiting until element Search Item Displayed text is visible in time 30 secs
2020-12-25 09:59:03 INFO  Utils:120 - - Element for Search Item Displayed text is displayed
2020-12-25 09:59:03 INFO  Asserts:42 - ---------------------Expecting value to be TRUE , Received:-true---------------------
2020-12-25 09:59:03 INFO  Serenity:398 - FINISHING STEP
2020-12-25 09:59:03 INFO  Serenity:398 - FINISHING STEP
2020-12-25 09:59:03 INFO  Serenity:377 - [92m
        __    _____ _____ ____ _____   ____   _    ____  ____  _____ ____  
  _     \ \  |_   _| ____/ ___|_   _| |  _ \ / \  / ___|/ ___|| ____|  _ \ 
 (_)_____| |   | | |  _| \___ \ | |   | |_) / _ \ \___ \\___ \|  _| | | | |
  _|_____| |   | | | |___ ___) || |   |  __/ ___ \ ___) |___) | |___| |_| |
 (_)     | |   |_| |_____|____/ |_|   |_| /_/   \_\____/|____/|_____|____/ 
        /_/                                                                

TEST PASSED: Search for an Item
----------------------------------------------------------------------------[0m
2020-12-25 09:59:04 INFO  JSONTestOutcomeReporter:59 - Generating JSON report for Add an item to wish list to file D:\Cucumber_Demo\AutomationReports\LatestResults\SerenityReports\16f844a7fac08de41d4d941f8970e6b4424f7206a99d8728cef6f49ab624dd65.json (using temp file D:\Cucumber_Demo\AutomationReports\LatestResults\SerenityReports\16f844a7fac08de41d4d941f8970e6b4424f7206a99d8728cef6f49ab624dd65.jsond21cf18a-a6b0-44ab-a6dc-4cb642f69f91)
2020-12-25 09:59:04 INFO  JSONTestOutcomeReporter:59 - Generating JSON report for Add PinCode To The Address to file D:\Cucumber_Demo\AutomationReports\LatestResults\SerenityReports\4a980713ed2ee56dba9a0d66f03750baae6b6631624b911efeb12718157c33dc.json (using temp file D:\Cucumber_Demo\AutomationReports\LatestResults\SerenityReports\4a980713ed2ee56dba9a0d66f03750baae6b6631624b911efeb12718157c33dc.json21bf5a28-b8ae-416d-80ae-b0c28c7a3257)
2020-12-25 09:59:04 INFO  JSONTestOutcomeReporter:59 - Generating JSON report for Sort items by applying filters to file D:\Cucumber_Demo\AutomationReports\LatestResults\SerenityReports\59aab2d5cbcf5e199d97305aedb34d5064fe9f7ae7b3cd6f3e5318a81f3bbae7.json (using temp file D:\Cucumber_Demo\AutomationReports\LatestResults\SerenityReports\59aab2d5cbcf5e199d97305aedb34d5064fe9f7ae7b3cd6f3e5318a81f3bbae7.json6d22f679-d500-4550-a2c7-4ae18dd44478)
2020-12-25 09:59:04 INFO  JSONTestOutcomeReporter:59 - Generating JSON report for Amazon Prime Benefits to file D:\Cucumber_Demo\AutomationReports\LatestResults\SerenityReports\9e58bb2880e89c2cbfc641d7d3e15ee0c7d80caa0dcc0689f3d5745201435d2a.json (using temp file D:\Cucumber_Demo\AutomationReports\LatestResults\SerenityReports\9e58bb2880e89c2cbfc641d7d3e15ee0c7d80caa0dcc0689f3d5745201435d2a.json161931b8-61a9-4e03-82f0-ca7960236acf)
2020-12-25 09:59:04 INFO  JSONTestOutcomeReporter:59 - Generating JSON report for Empty cart verification to file D:\Cucumber_Demo\AutomationReports\LatestResults\SerenityReports\e9df815b958d77454d596a744df9c62a92fb32b0aba617ade473872685412bc8.json (using temp file D:\Cucumber_Demo\AutomationReports\LatestResults\SerenityReports\e9df815b958d77454d596a744df9c62a92fb32b0aba617ade473872685412bc8.jsona34c78d1-b022-474f-98cc-47fe03609a87)
2020-12-25 09:59:04 INFO  JSONTestOutcomeReporter:59 - Generating JSON report for Search for an Item to file D:\Cucumber_Demo\AutomationReports\LatestResults\SerenityReports\2bb1efcfb279fa2ae46d4e3e2d68d36681efaafb32765c62fc51f2ce10feaf35.json (using temp file D:\Cucumber_Demo\AutomationReports\LatestResults\SerenityReports\2bb1efcfb279fa2ae46d4e3e2d68d36681efaafb32765c62fc51f2ce10feaf35.json7a66050d-217d-4af7-b015-19189e3d8365)
2020-12-25 09:59:04 INFO  HtmlAcceptanceTestReporter:120 - GENERATING HTML REPORT FOR Add items to wish list and sort items:Sort items by applying filters in 59aab2d5cbcf5e199d97305aedb34d5064fe9f7ae7b3cd6f3e5318a81f3bbae7.html in directory AutomationReports\LatestResults\SerenityReports  
2020-12-25 09:59:04 INFO  HtmlAcceptanceTestReporter:120 - GENERATING HTML REPORT FOR Pincode change and prime benefits and cart verification:Add PinCode To The Address in 4a980713ed2ee56dba9a0d66f03750baae6b6631624b911efeb12718157c33dc.html in directory AutomationReports\LatestResults\SerenityReports  
2020-12-25 09:59:04 INFO  HtmlAcceptanceTestReporter:120 - GENERATING HTML REPORT FOR Search product in amazon and language change option:Search for an Item in 2bb1efcfb279fa2ae46d4e3e2d68d36681efaafb32765c62fc51f2ce10feaf35.html in directory AutomationReports\LatestResults\SerenityReports  
2020-12-25 09:59:04 INFO  HtmlAcceptanceTestReporter:120 - GENERATING HTML REPORT FOR Pincode change and prime benefits and cart verification:Empty cart verification in e9df815b958d77454d596a744df9c62a92fb32b0aba617ade473872685412bc8.html in directory AutomationReports\LatestResults\SerenityReports  
2020-12-25 09:59:04 INFO  HtmlAcceptanceTestReporter:120 - GENERATING HTML REPORT FOR Add items to wish list and sort items:Add an item to wish list in 16f844a7fac08de41d4d941f8970e6b4424f7206a99d8728cef6f49ab624dd65.html in directory AutomationReports\LatestResults\SerenityReports  
2020-12-25 09:59:04 INFO  HtmlAcceptanceTestReporter:120 - GENERATING HTML REPORT FOR Pincode change and prime benefits and cart verification:Amazon Prime Benefits in 9e58bb2880e89c2cbfc641d7d3e15ee0c7d80caa0dcc0689f3d5745201435d2a.html in directory AutomationReports\LatestResults\SerenityReports  
2020-12-25 09:59:04 INFO  Serenity:255 - 
 _____ _____ ____ _____   ____ _____  _    ____ _____ _____ ____  
|_   _| ____/ ___|_   _| / ___|_   _|/ \  |  _ \_   _| ____|  _ \ 
  | | |  _| \___ \ | |   \___ \ | | / _ \ | |_) || | |  _| | | | |
  | | | |___ ___) || |    ___) || |/ ___ \|  _ < | | | |___| |_| |
  |_| |_____|____/ |_|   |____/ |_/_/   \_\_| \_\|_| |_____|____/ 
                                                                  

TEST STARTED: Language Settings in amazon
-------------------------------------------------------------------(search-product-in-amazon-and-language-change-option;language-settings-in-amazon)
2020-12-25 09:59:14 INFO  Hook:106 - Navigated to https://www.amazon.in/
2020-12-25 09:59:14 INFO  Serenity:387 - STARTING STEP Given User is on home page
2020-12-25 09:59:14 INFO  SearchItemAndLanguageChangingStepDef:37 - ******************Verify home page**********************
2020-12-25 09:59:15 INFO  Utils:113 - - Waiting for presence of element Amazon text in time 30 secs
2020-12-25 09:59:15 INFO  Utils:42 - - Waiting until element Amazon text is visible in time 30 secs
2020-12-25 09:59:15 INFO  Utils:120 - - Element for Amazon text is displayed
2020-12-25 09:59:15 INFO  Asserts:42 - ---------------------Expecting value to be TRUE , Received:-true---------------------
2020-12-25 09:59:15 INFO  Serenity:398 - FINISHING STEP
2020-12-25 09:59:15 INFO  Serenity:387 - STARTING STEP When User navigate to language settings
2020-12-25 09:59:15 INFO  SearchItemAndLanguageChangingStepDef:69 - *******************Language Settings**********************
2020-12-25 09:59:18 INFO  Utils:950 - Trying to click on Clicked On Language Settings element
2020-12-25 09:59:19 INFO  Utils:952 - Clicked on Clicked On Language Settings element
2020-12-25 09:59:20 INFO  Utils:113 - - Waiting for presence of element Language Settings in time 30 secs
2020-12-25 09:59:20 INFO  Utils:42 - - Waiting until element Language Settings is visible in time 30 secs
2020-12-25 09:59:20 INFO  Utils:120 - - Element for Language Settings is displayed
2020-12-25 09:59:20 INFO  Asserts:42 - ---------------------Expecting value to be TRUE , Received:-true---------------------
2020-12-25 09:59:20 INFO  Serenity:398 - FINISHING STEP
2020-12-25 09:59:20 INFO  Serenity:387 - STARTING STEP Then Verify the items in language settings
2020-12-25 09:59:20 INFO  SearchItemAndLanguageChangingStepDef:81 - *************Verify language radio button and language translation********************
2020-12-25 09:59:20 INFO  Utils:1347 - element clicked on  Language radio button
2020-12-25 09:59:20 INFO  Utils:113 - - Waiting for presence of element English Translation Text in time 30 secs
2020-12-25 09:59:20 INFO  Utils:42 - - Waiting until element English Translation Text is visible in time 30 secs
2020-12-25 09:59:20 INFO  Utils:120 - - Element for English Translation Text is displayed
2020-12-25 09:59:20 INFO  Asserts:42 - ---------------------Expecting value to be TRUE , Received:-true---------------------
2020-12-25 09:59:20 INFO  Serenity:398 - FINISHING STEP
2020-12-25 09:59:20 INFO  Serenity:377 - [92m
        __    _____ _____ ____ _____   ____   _    ____  ____  _____ ____  
  _     \ \  |_   _| ____/ ___|_   _| |  _ \ / \  / ___|/ ___|| ____|  _ \ 
 (_)_____| |   | | |  _| \___ \ | |   | |_) / _ \ \___ \\___ \|  _| | | | |
  _|_____| |   | | | |___ ___) || |   |  __/ ___ \ ___) |___) | |___| |_| |
 (_)     | |   |_| |_____|____/ |_|   |_| /_/   \_\____/|____/|_____|____/ 
        /_/                                                                

TEST PASSED: Language Settings in amazon
----------------------------------------------------------------------------[0m
2020-12-25 09:59:22 INFO  JSONTestOutcomeReporter:59 - Generating JSON report for Add an item to wish list to file D:\Cucumber_Demo\AutomationReports\LatestResults\SerenityReports\16f844a7fac08de41d4d941f8970e6b4424f7206a99d8728cef6f49ab624dd65.json (using temp file D:\Cucumber_Demo\AutomationReports\LatestResults\SerenityReports\16f844a7fac08de41d4d941f8970e6b4424f7206a99d8728cef6f49ab624dd65.jsond85e1762-8eff-4aef-b8dc-bf7d5fe87590)
2020-12-25 09:59:22 INFO  JSONTestOutcomeReporter:59 - Generating JSON report for Sort items by applying filters to file D:\Cucumber_Demo\AutomationReports\LatestResults\SerenityReports\59aab2d5cbcf5e199d97305aedb34d5064fe9f7ae7b3cd6f3e5318a81f3bbae7.json (using temp file D:\Cucumber_Demo\AutomationReports\LatestResults\SerenityReports\59aab2d5cbcf5e199d97305aedb34d5064fe9f7ae7b3cd6f3e5318a81f3bbae7.json4af695ee-ffe2-40fe-ba88-419123ce99ce)
2020-12-25 09:59:22 INFO  JSONTestOutcomeReporter:59 - Generating JSON report for Add PinCode To The Address to file D:\Cucumber_Demo\AutomationReports\LatestResults\SerenityReports\4a980713ed2ee56dba9a0d66f03750baae6b6631624b911efeb12718157c33dc.json (using temp file D:\Cucumber_Demo\AutomationReports\LatestResults\SerenityReports\4a980713ed2ee56dba9a0d66f03750baae6b6631624b911efeb12718157c33dc.json477bff07-dcef-434c-89bf-25a1c06dc97c)
2020-12-25 09:59:22 INFO  JSONTestOutcomeReporter:59 - Generating JSON report for Amazon Prime Benefits to file D:\Cucumber_Demo\AutomationReports\LatestResults\SerenityReports\9e58bb2880e89c2cbfc641d7d3e15ee0c7d80caa0dcc0689f3d5745201435d2a.json (using temp file D:\Cucumber_Demo\AutomationReports\LatestResults\SerenityReports\9e58bb2880e89c2cbfc641d7d3e15ee0c7d80caa0dcc0689f3d5745201435d2a.jsona263a0f6-5055-4c03-8ad3-cf627547f5ce)
2020-12-25 09:59:22 INFO  JSONTestOutcomeReporter:59 - Generating JSON report for Empty cart verification to file D:\Cucumber_Demo\AutomationReports\LatestResults\SerenityReports\e9df815b958d77454d596a744df9c62a92fb32b0aba617ade473872685412bc8.json (using temp file D:\Cucumber_Demo\AutomationReports\LatestResults\SerenityReports\e9df815b958d77454d596a744df9c62a92fb32b0aba617ade473872685412bc8.json8ef26ba8-097a-4929-890c-e11ca06df94f)
2020-12-25 09:59:22 INFO  JSONTestOutcomeReporter:59 - Generating JSON report for Search for an Item to file D:\Cucumber_Demo\AutomationReports\LatestResults\SerenityReports\2bb1efcfb279fa2ae46d4e3e2d68d36681efaafb32765c62fc51f2ce10feaf35.json (using temp file D:\Cucumber_Demo\AutomationReports\LatestResults\SerenityReports\2bb1efcfb279fa2ae46d4e3e2d68d36681efaafb32765c62fc51f2ce10feaf35.json8818a97e-301e-4ccb-902d-df0c9ef9ef07)
2020-12-25 09:59:22 INFO  JSONTestOutcomeReporter:59 - Generating JSON report for Language Settings in amazon to file D:\Cucumber_Demo\AutomationReports\LatestResults\SerenityReports\a965983605604a0d5aa4cb3aca329ff2d9edf93a17d8c83a0853d46fdee54360.json (using temp file D:\Cucumber_Demo\AutomationReports\LatestResults\SerenityReports\a965983605604a0d5aa4cb3aca329ff2d9edf93a17d8c83a0853d46fdee54360.json16a7b842-6382-488d-b58c-cd5b31843646)
2020-12-25 09:59:22 INFO  HtmlAcceptanceTestReporter:120 - GENERATING HTML REPORT FOR Add items to wish list and sort items:Sort items by applying filters in 59aab2d5cbcf5e199d97305aedb34d5064fe9f7ae7b3cd6f3e5318a81f3bbae7.html in directory AutomationReports\LatestResults\SerenityReports  
2020-12-25 09:59:22 INFO  HtmlAcceptanceTestReporter:120 - GENERATING HTML REPORT FOR Pincode change and prime benefits and cart verification:Add PinCode To The Address in 4a980713ed2ee56dba9a0d66f03750baae6b6631624b911efeb12718157c33dc.html in directory AutomationReports\LatestResults\SerenityReports  
2020-12-25 09:59:22 INFO  HtmlAcceptanceTestReporter:120 - GENERATING HTML REPORT FOR Pincode change and prime benefits and cart verification:Amazon Prime Benefits in 9e58bb2880e89c2cbfc641d7d3e15ee0c7d80caa0dcc0689f3d5745201435d2a.html in directory AutomationReports\LatestResults\SerenityReports  
2020-12-25 09:59:22 INFO  HtmlAcceptanceTestReporter:120 - GENERATING HTML REPORT FOR Add items to wish list and sort items:Add an item to wish list in 16f844a7fac08de41d4d941f8970e6b4424f7206a99d8728cef6f49ab624dd65.html in directory AutomationReports\LatestResults\SerenityReports  
2020-12-25 09:59:22 INFO  HtmlAcceptanceTestReporter:120 - GENERATING HTML REPORT FOR Search product in amazon and language change option:Search for an Item in 2bb1efcfb279fa2ae46d4e3e2d68d36681efaafb32765c62fc51f2ce10feaf35.html in directory AutomationReports\LatestResults\SerenityReports  
2020-12-25 09:59:22 INFO  HtmlAcceptanceTestReporter:120 - GENERATING HTML REPORT FOR Search product in amazon and language change option:Language Settings in amazon in a965983605604a0d5aa4cb3aca329ff2d9edf93a17d8c83a0853d46fdee54360.html in directory AutomationReports\LatestResults\SerenityReports  
2020-12-25 09:59:22 INFO  HtmlAcceptanceTestReporter:120 - GENERATING HTML REPORT FOR Pincode change and prime benefits and cart verification:Empty cart verification in e9df815b958d77454d596a744df9c62a92fb32b0aba617ade473872685412bc8.html in directory AutomationReports\LatestResults\SerenityReports  
2020-12-25 12:24:14 INFO  Hook:106 - Navigated to https://www.amazon.in/
2020-12-25 12:24:15 INFO  SearchItemAndLanguageChangingStepDef:37 - ******************Verify home page**********************
2020-12-25 12:24:16 INFO  Utils:113 - - Waiting for presence of element Amazon text in time 30 secs
2020-12-25 12:24:16 INFO  Utils:42 - - Waiting until element Amazon text is visible in time 30 secs
2020-12-25 12:24:16 INFO  Utils:120 - - Element for Amazon text is displayed
2020-12-25 12:24:16 INFO  Asserts:42 - ---------------------Expecting value to be TRUE , Received:-true---------------------
2020-12-25 12:24:16 INFO  AddItemsAndSortItemsStepDef:41 - ********************Search for an item*********************
2020-12-25 12:24:16 INFO  HomePageActions:26 - *****************Search for an item*********************
2020-12-25 12:24:19 INFO  Utils:950 - Trying to click on Clicked on Search Box element
2020-12-25 12:24:19 INFO  Utils:952 - Clicked on Clicked on Search Box element
2020-12-25 12:24:19 INFO  Utils:113 - - Waiting for presence of element Search Box in time 30 secs
2020-12-25 12:24:19 INFO  Utils:42 - - Waiting until element Search Box is visible in time 30 secs
2020-12-25 12:24:19 INFO  Utils:120 - - Element for Search Box is displayed
2020-12-25 12:24:24 INFO  Utils:950 - Trying to click on Clicked on Search Button element
2020-12-25 12:24:27 INFO  Utils:952 - Clicked on Clicked on Search Button element
2020-12-25 12:24:27 INFO  AddItemsAndSortItemsStepDef:75 - ********************Verify product name*********************
2020-12-25 12:24:28 INFO  Utils:113 - - Waiting for presence of element Selected Item Text in time 30 secs
2020-12-25 12:24:28 INFO  Utils:42 - - Waiting until element Selected Item Text is visible in time 30 secs
2020-12-25 12:24:28 INFO  Utils:120 - - Element for Selected Item Text is displayed
2020-12-25 12:24:28 INFO  AddItemsAndSortItemsStepDef:78 - Samsung Galaxy M51 (Electric Blue, 6GB RAM, 128GB Storage)
2020-12-25 12:24:30 INFO  Utils:950 - Trying to click on Clicked On Selected Item element
2020-12-25 12:24:31 INFO  Utils:952 - Clicked on Clicked On Selected Item element
2020-12-25 12:24:33 INFO  Utils:79 - Waiting for page to load
2020-12-25 12:24:42 INFO  Utils:1469 - - Navigated successfully to window CDwindow-338C1873C581449C20D75E49E926A54E
2020-12-25 12:24:42 INFO  Utils:113 - - Waiting for presence of element product title in time 30 secs
2020-12-25 12:24:42 INFO  Utils:42 - - Waiting until element product title is visible in time 30 secs
2020-12-25 12:24:43 INFO  Utils:120 - - Element for product title is displayed
2020-12-25 12:24:43 INFO  AddItemsAndSortItemsStepDef:83 - Samsung Galaxy M51 (Electric Blue, 6GB RAM, 128GB Storage)
2020-12-25 12:24:43 INFO  Asserts:42 - ---------------------Expecting value to be TRUE , Received:-true---------------------
2020-12-25 12:24:43 INFO  AddItemsAndSortItemsStepDef:92 - ***********************Verify delivery options*************************
2020-12-25 12:26:27 INFO  Hook:106 - Navigated to https://www.amazon.in/
2020-12-25 12:26:27 INFO  SearchItemAndLanguageChangingStepDef:37 - ******************Verify home page**********************
2020-12-25 12:26:28 INFO  Utils:113 - - Waiting for presence of element Amazon text in time 30 secs
2020-12-25 12:26:28 INFO  Utils:42 - - Waiting until element Amazon text is visible in time 30 secs
2020-12-25 12:26:28 INFO  Utils:120 - - Element for Amazon text is displayed
2020-12-25 12:26:28 INFO  Asserts:42 - ---------------------Expecting value to be TRUE , Received:-true---------------------
2020-12-25 12:26:28 INFO  AddItemsAndSortItemsStepDef:41 - ********************Search for an item*********************
2020-12-25 12:26:28 INFO  HomePageActions:26 - *****************Search for an item*********************
2020-12-25 12:26:31 INFO  Utils:950 - Trying to click on Clicked on Search Box element
2020-12-25 12:26:31 INFO  Utils:952 - Clicked on Clicked on Search Box element
2020-12-25 12:26:31 INFO  Utils:113 - - Waiting for presence of element Search Box in time 30 secs
2020-12-25 12:26:31 INFO  Utils:42 - - Waiting until element Search Box is visible in time 30 secs
2020-12-25 12:26:32 INFO  Utils:120 - - Element for Search Box is displayed
2020-12-25 12:26:36 INFO  Utils:950 - Trying to click on Clicked on Search Button element
2020-12-25 12:26:38 INFO  Utils:952 - Clicked on Clicked on Search Button element
2020-12-25 12:26:38 INFO  AddItemsAndSortItemsStepDef:75 - ********************Verify product name*********************
2020-12-25 12:26:40 INFO  Utils:113 - - Waiting for presence of element Selected Item Text in time 30 secs
2020-12-25 12:26:40 INFO  Utils:42 - - Waiting until element Selected Item Text is visible in time 30 secs
2020-12-25 12:26:40 INFO  Utils:120 - - Element for Selected Item Text is displayed
2020-12-25 12:26:40 INFO  AddItemsAndSortItemsStepDef:78 - (Renewed) OnePlus 5T (Midnight Black, 64GB)
2020-12-25 12:26:42 INFO  Utils:950 - Trying to click on Clicked On Selected Item element
2020-12-25 12:26:43 INFO  Utils:952 - Clicked on Clicked On Selected Item element
2020-12-25 12:26:45 INFO  Utils:79 - Waiting for page to load
2020-12-25 12:26:49 INFO  Utils:1469 - - Navigated successfully to window CDwindow-1C631871E26B67DF9EAC8340B3380D14
2020-12-25 12:26:49 INFO  Utils:113 - - Waiting for presence of element product title in time 30 secs
2020-12-25 12:26:49 INFO  Utils:42 - - Waiting until element product title is visible in time 30 secs
2020-12-25 12:26:49 INFO  Utils:120 - - Element for product title is displayed
2020-12-25 12:26:50 INFO  AddItemsAndSortItemsStepDef:83 - (Renewed) OnePlus 5T (Midnight Black, 64GB)
2020-12-25 12:26:50 INFO  Asserts:42 - ---------------------Expecting value to be TRUE , Received:-true---------------------
2020-12-25 12:26:50 INFO  AddItemsAndSortItemsStepDef:92 - ***********************Verify delivery options*************************
2020-12-25 13:01:02 INFO  Hook:106 - Navigated to https://www.amazon.in/
2020-12-25 13:01:03 INFO  SearchItemAndLanguageChangingStepDef:37 - ******************Verify home page**********************
2020-12-25 13:01:03 INFO  Utils:113 - - Waiting for presence of element Amazon text in time 30 secs
2020-12-25 13:01:03 INFO  Utils:42 - - Waiting until element Amazon text is visible in time 30 secs
2020-12-25 13:01:03 INFO  Utils:120 - - Element for Amazon text is displayed
2020-12-25 13:01:03 INFO  Asserts:42 - ---------------------Expecting value to be TRUE , Received:-true---------------------
2020-12-25 13:01:03 INFO  AddItemsAndSortItemsStepDef:44 - ********************Search for an item*********************
2020-12-25 13:01:03 INFO  HomePageActions:26 - *****************Search for an item*********************
2020-12-25 13:01:07 INFO  Utils:950 - Trying to click on Clicked on Search Box element
2020-12-25 13:01:07 INFO  Utils:952 - Clicked on Clicked on Search Box element
2020-12-25 13:01:07 INFO  Utils:113 - - Waiting for presence of element Search Box in time 30 secs
2020-12-25 13:01:07 INFO  Utils:42 - - Waiting until element Search Box is visible in time 30 secs
2020-12-25 13:01:07 INFO  Utils:120 - - Element for Search Box is displayed
2020-12-25 13:01:12 INFO  Utils:950 - Trying to click on Clicked on Search Button element
2020-12-25 13:01:15 INFO  Utils:952 - Clicked on Clicked on Search Button element
2020-12-25 13:01:15 INFO  AddItemsAndSortItemsStepDef:78 - ********************Verify product name*********************
2020-12-25 13:01:16 INFO  Utils:113 - - Waiting for presence of element Selected Item Text in time 30 secs
2020-12-25 13:01:16 INFO  Utils:42 - - Waiting until element Selected Item Text is visible in time 30 secs
2020-12-25 13:01:16 INFO  Utils:120 - - Element for Selected Item Text is displayed
2020-12-25 13:01:16 INFO  AddItemsAndSortItemsStepDef:81 - Samsung Galaxy M51 (Electric Blue, 6GB RAM, 128GB Storage)
2020-12-25 13:01:19 INFO  Utils:950 - Trying to click on Clicked On Selected Item element
2020-12-25 13:01:19 INFO  Utils:952 - Clicked on Clicked On Selected Item element
2020-12-25 13:01:21 INFO  Utils:79 - Waiting for page to load
2020-12-25 13:01:28 INFO  Utils:1469 - - Navigated successfully to window CDwindow-31F1AA1C750F59193431CD8B4148EFAA
